<?xml version="1.0"?>
<testsuite name="HeadlessChrome 79.0.3945 (Windows 10.0.0)" package="unit" timestamp="2020-01-19T04:27:37" id="0" hostname="Ranadheer" tests="4" errors="0" failures="3" time="0.332">
  <properties>
    <property name="browser.fullName" value="Mozilla/5.0 (Windows NT 10.0; Win64; x64) AppleWebKit/537.36 (KHTML, like Gecko) HeadlessChrome/79.0.3945.130 Safari/537.36"/>
  </properties>
  <testcase name="ApiService should send GET/ request to the API" time="0.17" classname="unit.ApiService">
    <failure type="">TypeError: Cannot read property 'json' of undefined
    at ApiService.webpackJsonp../src/app/api.service.ts.ApiService.getDateTimeAPI src/app/api.service.ts:17:16)
    at Object.&lt;anonymous&gt; src/app/api.service.spec.ts:29:13)
    at TestBed.webpackJsonp../node_modules/@angular/core/@angular/core/testing.es5.js.TestBed.execute node_modules/@angular/core/@angular/core/testing.es5.js:826:1)
    at Object.&lt;anonymous&gt; node_modules/@angular/core/@angular/core/testing.es5.js:956:29)
    at ZoneDelegate.webpackJsonp../node_modules/zone.js/dist/zone.js.ZoneDelegate.invoke node_modules/zone.js/dist/zone.js:391:1)
    at ProxyZoneSpec.webpackJsonp../node_modules/zone.js/dist/proxy.js.ProxyZoneSpec.onInvoke node_modules/zone.js/dist/proxy.js:129:1)
    at ZoneDelegate.webpackJsonp../node_modules/zone.js/dist/zone.js.ZoneDelegate.invoke node_modules/zone.js/dist/zone.js:390:1)
    at Zone.webpackJsonp../node_modules/zone.js/dist/zone.js.Zone.run node_modules/zone.js/dist/zone.js:150:1)
    at runInTestZone node_modules/zone.js/dist/jasmine-patch.js:145:1)
    at Object.&lt;anonymous&gt; node_modules/zone.js/dist/jasmine-patch.js:160:1)
</failure>
  </testcase>
  <testcase name="ApiService should not ditch the API function (API Mock Test)" time="0.014" classname="unit.ApiService">
    <failure type="">TypeError: Cannot read property 'json' of undefined
    at ApiService.webpackJsonp../src/app/api.service.ts.ApiService.getDateTimeAPI src/app/api.service.ts:17:16)
    at Object.&lt;anonymous&gt; src/app/api.service.spec.ts:47:20)
    at TestBed.webpackJsonp../node_modules/@angular/core/@angular/core/testing.es5.js.TestBed.execute node_modules/@angular/core/@angular/core/testing.es5.js:826:1)
    at Object.&lt;anonymous&gt; node_modules/@angular/core/@angular/core/testing.es5.js:956:29)
    at ZoneDelegate.webpackJsonp../node_modules/zone.js/dist/zone.js.ZoneDelegate.invoke node_modules/zone.js/dist/zone.js:391:1)
    at ProxyZoneSpec.webpackJsonp../node_modules/zone.js/dist/proxy.js.ProxyZoneSpec.onInvoke node_modules/zone.js/dist/proxy.js:129:1)
    at ZoneDelegate.webpackJsonp../node_modules/zone.js/dist/zone.js.ZoneDelegate.invoke node_modules/zone.js/dist/zone.js:390:1)
    at Zone.webpackJsonp../node_modules/zone.js/dist/zone.js.Zone.run node_modules/zone.js/dist/zone.js:150:1)
    at runInTestZone node_modules/zone.js/dist/jasmine-patch.js:145:1)
    at Object.&lt;anonymous&gt; node_modules/zone.js/dist/jasmine-patch.js:160:1)
</failure>
  </testcase>
  <testcase name="AppComponent should request the API upon loading of application" time="0.111" classname="unit.AppComponent">
    <failure type="">TypeError: Cannot read property 'json' of undefined
    at ApiService.webpackJsonp../src/app/api.service.ts.ApiService.getDateTimeAPI src/app/api.service.ts:17:16)
    at AppComponent.webpackJsonp../src/app/app.component.ts.AppComponent.ngOnInit src/app/app.component.ts:18:18)
    at Object.&lt;anonymous&gt; src/app/app.component.spec.ts:26:9)
    at TestBed.webpackJsonp../node_modules/@angular/core/@angular/core/testing.es5.js.TestBed.execute node_modules/@angular/core/@angular/core/testing.es5.js:826:1)
    at Object.&lt;anonymous&gt; node_modules/@angular/core/@angular/core/testing.es5.js:956:29)
    at ZoneDelegate.webpackJsonp../node_modules/zone.js/dist/zone.js.ZoneDelegate.invoke node_modules/zone.js/dist/zone.js:391:1)
</failure>
  </testcase>
  <testcase name="AppComponent should print upon button click" time="0.037" classname="unit.AppComponent"/>
  <system-out>
    <![CDATA[
]]>
  </system-out>
  <system-err/>
</testsuite>